************************************************************************
                       MCMAS v1.1.0 

 This software comes with ABSOLUTELY NO WARRANTY, to the extent
 permitted by applicable law. 

 Please check http://vas.doc.ic.ac.uk/tools/mcmas/ for the latest release.
 Please send any feedback to <mcmas@imperial.ac.uk>
************************************************************************

Command line: ./mcmas examples/dining_cryptographers17.ispl

examples/dining_cryptographers17.ispl has been parsed successfully.
Global syntax checking...
Done
Encoding BDD parameters...
Building partial transition relation...
Building BDD for initial states...
Building reachable state space...
Checking formulae...
Verifying properties...
  Formula number 1: (AG ((odd && (! c1paid)) -> ((((((((((((((((K(DinCrypt1, (((((((((((((((c2paid || c3paid) || c4paid) || c5paid) || c6paid) || c7paid) || c8paid) || c9paid) || c10paid) || c11paid) || c12paid) || c13paid) || c14paid) || c15paid) || c16paid) || c17paid)) && (! K(DinCrypt1, c2paid))) && (! K(DinCrypt1, c3paid))) && (! K(DinCrypt1, c4paid))) && (! K(DinCrypt1, c5paid))) && (! K(DinCrypt1, c6paid))) && (! K(DinCrypt1, c7paid))) && (! K(DinCrypt1, c8paid))) && (! K(DinCrypt1, c9paid))) && (! K(DinCrypt1, c10paid))) && (! K(DinCrypt1, c11paid))) && (! K(DinCrypt1, c12paid))) && (! K(DinCrypt1, c13paid))) && (! K(DinCrypt1, c14paid))) && (! K(DinCrypt1, c15paid))) && (! K(DinCrypt1, c16paid))) && (! K(DinCrypt1, c17paid))))), is TRUE in the model
  Formula number 2: [[x1]] [[x2]] [[x3]] [[x4]] [[x5]] [[x6]] [[x7]] [[x8]] [[x9]] [[x10]] [[x11]] [[x12]] [[x13]] [[x14]] [[x15]] [[x16]] [[x17]] (DinCrypt1, x1) (DinCrypt2, x2) (DinCrypt3, x3) (DinCrypt4, x4) (DinCrypt5, x5) (DinCrypt6, x6) (DinCrypt7, x7) (DinCrypt8, x8) (DinCrypt9, x9) (DinCrypt10, x10) (DinCrypt11, x11) (DinCrypt12, x12) (DinCrypt13, x13) (DinCrypt14, x14) (DinCrypt15, x15) (DinCrypt16, x16) (DinCrypt17, x17) [[xe]] (Environment, xe) G ((odd && (! c1paid)) -> ((((((((((((((((K(DinCrypt1, (((((((((((((((c2paid || c3paid) || c4paid) || c5paid) || c6paid) || c7paid) || c8paid) || c9paid) || c10paid) || c11paid) || c12paid) || c13paid) || c14paid) || c15paid) || c16paid) || c17paid)) && (! K(DinCrypt1, c2paid))) && (! K(DinCrypt1, c3paid))) && (! K(DinCrypt1, c4paid))) && (! K(DinCrypt1, c5paid))) && (! K(DinCrypt1, c6paid))) && (! K(DinCrypt1, c7paid))) && (! K(DinCrypt1, c8paid))) && (! K(DinCrypt1, c9paid))) && (! K(DinCrypt1, c10paid))) && (! K(DinCrypt1, c11paid))) && (! K(DinCrypt1, c12paid))) && (! K(DinCrypt1, c13paid))) && (! K(DinCrypt1, c14paid))) && (! K(DinCrypt1, c15paid))) && (! K(DinCrypt1, c16paid))) && (! K(DinCrypt1, c17paid)))), is TRUE in the model
done, 2 formulae successfully read and checked
execution time = 778.312
number of reachable states = 9.43718e+06
BDD memory in use = 2447217024
====== BENCHMARK ======
CODE                     REAL         CPU        USER    SYSTEM
mcmas-total        778.487925  775.564000  773.532000  2.032000
  |  check1          0.125970    0.124000    0.120000  0.004000
  |  check2        768.337301  765.460000  763.664000  1.796000
  |  reachability    9.772579    9.740000    9.684000  0.056000
  +- <rest>          0.252075    0.240000    0.064000  0.176000
