************************************************************************
                       MCMAS v1.1.0 

 This software comes with ABSOLUTELY NO WARRANTY, to the extent
 permitted by applicable law. 

 Please check http://vas.doc.ic.ac.uk/tools/mcmas/ for the latest release.
 Please send any feedback to <mcmas@imperial.ac.uk>
************************************************************************

Command line: ./mcmas examples/dining_cryptographers14.ispl

examples/dining_cryptographers14.ispl has been parsed successfully.
Global syntax checking...
Done
Encoding BDD parameters...
Building partial transition relation...
Building BDD for initial states...
Building reachable state space...
Checking formulae...
Verifying properties...
  Formula number 1: (AG ((odd && (! c1paid)) -> (((((((((((((K(DinCrypt1, ((((((((((((c2paid || c3paid) || c4paid) || c5paid) || c6paid) || c7paid) || c8paid) || c9paid) || c10paid) || c11paid) || c12paid) || c13paid) || c14paid)) && (! K(DinCrypt1, c2paid))) && (! K(DinCrypt1, c3paid))) && (! K(DinCrypt1, c4paid))) && (! K(DinCrypt1, c5paid))) && (! K(DinCrypt1, c6paid))) && (! K(DinCrypt1, c7paid))) && (! K(DinCrypt1, c8paid))) && (! K(DinCrypt1, c9paid))) && (! K(DinCrypt1, c10paid))) && (! K(DinCrypt1, c11paid))) && (! K(DinCrypt1, c12paid))) && (! K(DinCrypt1, c13paid))) && (! K(DinCrypt1, c14paid))))), is TRUE in the model
  Formula number 2: [[x1]] [[x2]] [[x3]] [[x4]] [[x5]] [[x6]] [[x7]] [[x8]] [[x9]] [[x10]] [[x11]] [[x12]] [[x13]] [[x14]] (DinCrypt1, x1) (DinCrypt2, x2) (DinCrypt3, x3) (DinCrypt4, x4) (DinCrypt5, x5) (DinCrypt6, x6) (DinCrypt7, x7) (DinCrypt8, x8) (DinCrypt9, x9) (DinCrypt10, x10) (DinCrypt11, x11) (DinCrypt12, x12) (DinCrypt13, x13) (DinCrypt14, x14) [[xe]] (Environment, xe) G ((odd && (! c1paid)) -> (((((((((((((K(DinCrypt1, ((((((((((((c2paid || c3paid) || c4paid) || c5paid) || c6paid) || c7paid) || c8paid) || c9paid) || c10paid) || c11paid) || c12paid) || c13paid) || c14paid)) && (! K(DinCrypt1, c2paid))) && (! K(DinCrypt1, c3paid))) && (! K(DinCrypt1, c4paid))) && (! K(DinCrypt1, c5paid))) && (! K(DinCrypt1, c6paid))) && (! K(DinCrypt1, c7paid))) && (! K(DinCrypt1, c8paid))) && (! K(DinCrypt1, c9paid))) && (! K(DinCrypt1, c10paid))) && (! K(DinCrypt1, c11paid))) && (! K(DinCrypt1, c12paid))) && (! K(DinCrypt1, c13paid))) && (! K(DinCrypt1, c14paid)))), is TRUE in the model
done, 2 formulae successfully read and checked
execution time = 87.507
number of reachable states = 983040
BDD memory in use = 378523264
====== BENCHMARK ======
CODE                    REAL        CPU       USER    SYSTEM
mcmas-total        87.532847  87.200000  86.884000  0.316000
  |  check1         0.094454   0.096000   0.088000  0.008000
  |  check2        85.287451  84.964000  84.712000  0.252000
  |  reachability   2.082871   2.072000   2.048000  0.024000
  +- <rest>         0.068071   0.068000   0.036000  0.032000
