************************************************************************
                       MCMAS v1.1.0 

 This software comes with ABSOLUTELY NO WARRANTY, to the extent
 permitted by applicable law. 

 Please check http://vas.doc.ic.ac.uk/tools/mcmas/ for the latest release.
 Please send any feedback to <mcmas@imperial.ac.uk>
************************************************************************

Command line: ./mcmas -c 3 examples/scheduler3.ispl

examples/scheduler3.ispl has been parsed successfully.
Global syntax checking...
Done
Encoding BDD parameters...
Building partial transition relation...
Building BDD for initial states...
Building reachable state space...
Checking formulae...
Verifying properties...
  Formula number 1: [[x]] [[y1]] [[y2]] [[y3]] (Environment, x) (P1, y1) (P2, y2) (P3, y3) G (! (((rs1 && rs2) || (rs1 && rs3)) || (rs2 && rs3))), is TRUE in the model
    -- Sorry it is not possible to compute witnesses for non-ECTLK formulae
  Formula number 2: <<x>> [[y1]] [[y2]] [[y3]] (Environment, x) (P1, y1) (P2, y2) (P3, y3) G (((wt1 -> F (! wt1)) && (wt2 -> F (! wt2))) && (wt3 -> F (! wt3))), is TRUE in the model
  The following is a witness for the formula: 
   < 0 > 
  States description: 
------------- State: 0 -----------------
Agent Environment
  q1 = false
  q2 = false
  q3 = false
  state = fr
Agent P1
  state = in
Agent P2
  state = in
Agent P3
  state = in
----------------------------------------
  Strategies: 
------- Strategy x [Environment] -------
Agent Environment
  Environment.q1=false, Environment.q2=false, Environment.q3=false, Environment.state=a (0): id
  Environment.q1=false, Environment.q2=false, Environment.q3=false, Environment.state=fr (8): id
  Environment.q1=false, Environment.q2=false, Environment.q3=true, Environment.state=a (1): p3
  Environment.q1=false, Environment.q2=true, Environment.q3=false, Environment.state=a (2): p2
  Environment.q1=false, Environment.q2=true, Environment.q3=true, Environment.state=a (3): p3
  Environment.q1=true, Environment.q2=false, Environment.q3=false, Environment.state=a (4): p1
  Environment.q1=true, Environment.q2=false, Environment.q3=true, Environment.state=a (5): p1
  Environment.q1=true, Environment.q2=true, Environment.q3=false, Environment.state=a (6): p2
  Environment.q1=true, Environment.q2=true, Environment.q3=true, Environment.state=a (7): p2
----------------------------------------
done, 2 formulae successfully read and checked
execution time = 459.229
number of reachable states = 21
BDD memory in use = 378048336
