************************************************************************
                       MCMAS v1.1.0 

 This software comes with ABSOLUTELY NO WARRANTY, to the extent
 permitted by applicable law. 

 Please check http://vas.doc.ic.ac.uk/tools/mcmas/ for the latest release.
 Please send any feedback to <mcmas@imperial.ac.uk>
************************************************************************

Command line: ../../mcmas -sd 1 scheduler3_sl1gas_opt.ispl

scheduler3_sl1gas_opt.ispl has been parsed successfully.
Global syntax checking...
Done
Encoding BDD parameters...
Building partial transition relation...
Building BDD for initial states...
Building reachable state space...
Checking formulae...
Verifying imperfect recall properties...
done, 0 imperfect recall formulae successfully read and checked
Verifying perfect recall properties...
  Perfect recall formula 1: <<x>> [[y1]] [[y2]] [[y3]] (Environment, x) (P1, y1) (P2, y2) (P3, y3) ((G (wt1 -> F (! wt1)) && G (wt2 -> F (! wt2))) && G (wt3 -> F (! wt3))), is TRUE in the model
done, 1 perfect recall formulae successfully read and checked
execution time = 6.398
number of reachable states = 21
BDD memory in use = 57873136
====== BENCHMARK ======
CODE                            REAL       CPU      USER    SYSTEM
mcmas-total                 6.401538  6.380000  6.360000  0.020000
  |  pr_check1              6.391208  6.372000  6.352000  0.020000
  |    |  arena             0.014984  0.016000  0.016000  0.000000
  |    |  determinize       0.000787  0.000000  0.000000  0.000000
  |    |  game              0.650301  0.648000  0.632000  0.016000
  |    |  generalized       0.000206  0.000000  0.000000  0.000000
  |    |  nondeterministic  0.000123  0.000000  0.000000  0.000000
  |    |  prefix            0.000015  0.000000  0.000000  0.000000
  |    |  solve             5.724153  5.704000  5.700000  0.004000
  |    +- <rest>            0.000639  0.004000  0.004000  0.000000
  |  reachability           0.000688  0.000000  0.000000  0.000000
  +- <rest>                 0.009642  0.008000  0.008000  0.000000
	Command being timed: "../../mcmas -sd 1 scheduler3_sl1gas_opt.ispl"
	User time (seconds): 6.36
	System time (seconds): 0.02
	Percent of CPU this job got: 99%
	Elapsed (wall clock) time (h:mm:ss or m:ss): 0:06.40
	Average shared text size (kbytes): 0
	Average unshared data size (kbytes): 0
	Average stack size (kbytes): 0
	Average total size (kbytes): 0
	Maximum resident set size (kbytes): 59556
	Average resident set size (kbytes): 0
	Major (requiring I/O) page faults: 0
	Minor (reclaiming a frame) page faults: 17154
	Voluntary context switches: 4
	Involuntary context switches: 543
	Swaps: 0
	File system inputs: 0
	File system outputs: 16
	Socket messages sent: 0
	Socket messages received: 0
	Signals delivered: 0
	Page size (bytes): 4096
	Exit status: 0
