************************************************************************
                       MCMAS v1.1.0 

 This software comes with ABSOLUTELY NO WARRANTY, to the extent
 permitted by applicable law. 

 Please check http://vas.doc.ic.ac.uk/tools/mcmas/ for the latest release.
 Please send any feedback to <mcmas@imperial.ac.uk>
************************************************************************

Command line: ../../mcmas -sd 1 scheduler4_sl1gas_opt.ispl

scheduler4_sl1gas_opt.ispl has been parsed successfully.
Global syntax checking...
Done
Encoding BDD parameters...
Building partial transition relation...
Building BDD for initial states...
Building reachable state space...
Checking formulae...
Verifying imperfect recall properties...
done, 0 imperfect recall formulae successfully read and checked
Verifying perfect recall properties...
  Perfect recall formula 1: <<x>> [[y1]] [[y2]] [[y3]] [[y4]] (Environment, x) (P1, y1) (P2, y2) (P3, y3) (P4, y4) (((G (wt1 -> F (! wt1)) && G (wt2 -> F (! wt2))) && G (wt3 -> F (! wt3))) && G (wt4 -> F (! wt4))), is TRUE in the model
done, 1 perfect recall formulae successfully read and checked
execution time = 338.206
number of reachable states = 49
BDD memory in use = 166601536
====== BENCHMARK ======
CODE                              REAL         CPU        USER    SYSTEM
mcmas-total                 338.215578  337.104000  337.004000  0.100000
  |  pr_check1              338.160238  337.052000  336.968000  0.084000
  |    |  arena               0.244622    0.244000    0.236000  0.008000
  |    |  determinize         0.001137    0.004000    0.004000  0.000000
  |    |  game               23.334614   23.256000   23.216000  0.040000
  |    |  generalized         0.000350    0.000000    0.000000  0.000000
  |    |  nondeterministic    0.000165    0.000000    0.000000  0.000000
  |    |  prefix              0.000018    0.000000    0.000000  0.000000
  |    |  solve             314.574731  313.544000  313.508000  0.036000
  |    +- <rest>              0.004601    0.004000    0.004000  0.000000
  |  reachability             0.008850    0.008000    0.008000  0.000000
  +- <rest>                   0.046490    0.044000    0.028000  0.016000
	Command being timed: "../../mcmas -sd 1 scheduler4_sl1gas_opt.ispl"
	User time (seconds): 337.00
	System time (seconds): 0.10
	Percent of CPU this job got: 99%
	Elapsed (wall clock) time (h:mm:ss or m:ss): 5:38.21
	Average shared text size (kbytes): 0
	Average unshared data size (kbytes): 0
	Average stack size (kbytes): 0
	Average total size (kbytes): 0
	Maximum resident set size (kbytes): 166724
	Average resident set size (kbytes): 0
	Major (requiring I/O) page faults: 0
	Minor (reclaiming a frame) page faults: 43951
	Voluntary context switches: 4
	Involuntary context switches: 28601
	Swaps: 0
	File system inputs: 0
	File system outputs: 24
	Socket messages sent: 0
	Socket messages received: 0
	Signals delivered: 0
	Page size (bytes): 4096
	Exit status: 0
