************************************************************************
                       MCMAS v1.1.0 

 This software comes with ABSOLUTELY NO WARRANTY, to the extent
 permitted by applicable law. 

 Please check http://vas.doc.ic.ac.uk/tools/mcmas/ for the latest release.
 Please send any feedback to <mcmas@imperial.ac.uk>
************************************************************************

Command line: ../../mcmas -sd 0 scheduler3_sl1gas_unopt.ispl

scheduler3_sl1gas_unopt.ispl has been parsed successfully.
Global syntax checking...
Done
Encoding BDD parameters...
Building partial transition relation...
Building BDD for initial states...
Building reachable state space...
Checking formulae...
Verifying imperfect recall properties...
done, 0 imperfect recall formulae successfully read and checked
Verifying perfect recall properties...
  Perfect recall formula 1: <<x>> [[y1]] [[y2]] [[y3]] (Environment, x) (P1, y1) (P2, y2) (P3, y3) G (((wt1 -> F (! wt1)) && (wt2 -> F (! wt2))) && (wt3 -> F (! wt3))), is TRUE in the model
done, 1 perfect recall formulae successfully read and checked
execution time = 10.122
number of reachable states = 21
BDD memory in use = 60634800
====== BENCHMARK ======
CODE                             REAL        CPU       USER    SYSTEM
mcmas-total                 10.126311  10.088000  10.072000  0.016000
  |  pr_check1              10.114358  10.080000  10.068000  0.012000
  |    |  arena              0.016650   0.016000   0.016000  0.000000
  |    |  determinize        0.013618   0.012000   0.012000  0.000000
  |    |  game               1.058905   1.056000   1.048000  0.008000
  |    |  generalized        0.000191   0.000000   0.000000  0.000000
  |    |  nondeterministic   0.000118   0.000000   0.000000  0.000000
  |    |  prefix             0.000014   0.000000   0.000000  0.000000
  |    |  solve              9.023830   8.992000   8.988000  0.004000
  |    +- <rest>             0.001032   0.004000   0.004000  0.000000
  |  reachability            0.000685   0.000000   0.000000  0.000000
  +- <rest>                  0.011268   0.008000   0.004000  0.004000
	Command being timed: "../../mcmas -sd 0 scheduler3_sl1gas_unopt.ispl"
	User time (seconds): 10.07
	System time (seconds): 0.01
	Percent of CPU this job got: 99%
	Elapsed (wall clock) time (h:mm:ss or m:ss): 0:10.12
	Average shared text size (kbytes): 0
	Average unshared data size (kbytes): 0
	Average stack size (kbytes): 0
	Average total size (kbytes): 0
	Maximum resident set size (kbytes): 62016
	Average resident set size (kbytes): 0
	Major (requiring I/O) page faults: 0
	Minor (reclaiming a frame) page faults: 17769
	Voluntary context switches: 4
	Involuntary context switches: 856
	Swaps: 0
	File system inputs: 0
	File system outputs: 24
	Socket messages sent: 0
	Socket messages received: 0
	Signals delivered: 0
	Page size (bytes): 4096
	Exit status: 0
