************************************************************************
                       MCMAS v1.1.0 

 This software comes with ABSOLUTELY NO WARRANTY, to the extent
 permitted by applicable law. 

 Please check http://vas.doc.ic.ac.uk/tools/mcmas/ for the latest release.
 Please send any feedback to <mcmas@imperial.ac.uk>
************************************************************************

Command line: ../../mcmas scheduler2_slkas.ispl

scheduler2_slkas.ispl has been parsed successfully.
Global syntax checking...
Done
Encoding BDD parameters...
Building partial transition relation...
Building BDD for initial states...
Building reachable state space...
Checking formulae...
Verifying imperfect recall properties...
  Formula number 1: <<x>> [[y1]] [[y2]] (Environment, x) (P1, y1) (P2, y2) G ((wt1 -> F (! wt1)) && (wt2 -> F (! wt2))), is TRUE in the model
done, 1 imperfect recall formulae successfully read and checked
execution time = 0.004
number of reachable states = 9
BDD memory in use = 9132464
====== BENCHMARK ======
CODE                                   REAL       CPU      USER    SYSTEM
mcmas-total                        0.004581  0.004000  0.000000  0.004000
  |  ir_check1                     0.000450  0.000000  0.000000  0.000000
  |    |  build-strategy           0.000133  0.000000  0.000000  0.000000
  |    |    |  assign-bdds         0.000036  0.000000  0.000000  0.000000
  |    |    |  generate-actions    0.000036  0.000000  0.000000  0.000000
  |    |    |  generate-states     0.000022  0.000000  0.000000  0.000000
  |    |    |  merge-states        0.000006  0.000000  0.000000  0.000000
  |    |    |  valid-restrictions  0.000003  0.000000  0.000000  0.000000
  |    |    +- <rest>              0.000030  0.000000  0.000000  0.000000
  |    +- <rest>                   0.000317  0.000000  0.000000  0.000000
  |  reachability                  0.000214  0.000000  0.000000  0.000000
  +- <rest>                        0.003917  0.004000  0.000000  0.004000
	Command being timed: "../../mcmas scheduler2_slkas.ispl"
	User time (seconds): 0.00
	System time (seconds): 0.00
	Percent of CPU this job got: 5%
	Elapsed (wall clock) time (h:mm:ss or m:ss): 0:00.07
	Average shared text size (kbytes): 0
	Average unshared data size (kbytes): 0
	Average stack size (kbytes): 0
	Average total size (kbytes): 0
	Maximum resident set size (kbytes): 10940
	Average resident set size (kbytes): 0
	Major (requiring I/O) page faults: 1
	Minor (reclaiming a frame) page faults: 2948
	Voluntary context switches: 7
	Involuntary context switches: 6
	Swaps: 0
	File system inputs: 3832
	File system outputs: 8
	Socket messages sent: 0
	Socket messages received: 0
	Signals delivered: 0
	Page size (bytes): 4096
	Exit status: 0
