************************************************************************
                       MCMAS v1.1.0 

 This software comes with ABSOLUTELY NO WARRANTY, to the extent
 permitted by applicable law. 

 Please check http://vas.doc.ic.ac.uk/tools/mcmas/ for the latest release.
 Please send any feedback to <mcmas@imperial.ac.uk>
************************************************************************

Command line: ../../mcmas -sd 1 scheduler6_sl1gas_opt.ispl

scheduler6_sl1gas_opt.ispl has been parsed successfully.
Global syntax checking...
Done
Encoding BDD parameters...
Building partial transition relation...
Building BDD for initial states...
Building reachable state space...
Checking formulae...
Verifying imperfect recall properties...
done, 0 imperfect recall formulae successfully read and checked
Verifying perfect recall properties...
  Perfect recall formula 1: <<x>> [[y1]] [[y2]] [[y3]] [[y4]] [[y5]] [[y6]] (Environment, x) (P1, y1) (P2, y2) (P3, y3) (P4, y4) (P5, y5) (P6, y6) (((((G (wt1 -> F (! wt1)) && G (wt2 -> F (! wt2))) && G (wt3 -> F (! wt3))) && G (wt4 -> F (! wt4))) && G (wt5 -> F (! wt5))) && G (wt6 -> F (! wt6))), is TRUE in the model
done, 1 perfect recall formulae successfully read and checked
execution time = 85977.6
number of reachable states = 257
BDD memory in use = 11246495520
====== BENCHMARK ======
CODE                                REAL           CPU          USER    SYSTEM
mcmas-total                 85978.063265  85699.612000  85693.460000  6.152000
  |  pr_check1              85976.570138  85698.132000  85692.396000  5.736000
  |    |  arena                38.268764     38.144000     38.028000  0.116000
  |    |  determinize           0.002200      0.004000      0.004000  0.000000
  |    |  game               8012.114970   7986.456000   7984.040000  2.416000
  |    |  generalized           0.000739      0.000000      0.000000  0.000000
  |    |  nondeterministic      0.000315      0.000000      0.000000  0.000000
  |    |  prefix                0.000019      0.000000      0.000000  0.000000
  |    |  solve             77925.960535  77673.308000  77670.104000  3.204000
  |    +- <rest>                0.222596      0.220000      0.220000  0.000000
  |  reachability               0.019891      0.020000      0.020000  0.000000
  +- <rest>                     1.473236      1.460000      1.044000  0.416000
	Command being timed: "../../mcmas -sd 1 scheduler6_sl1gas_opt.ispl"
	User time (seconds): 85693.46
	System time (seconds): 6.15
	Percent of CPU this job got: 99%
	Elapsed (wall clock) time (h:mm:ss or m:ss): 23:52:58
	Average shared text size (kbytes): 0
	Average unshared data size (kbytes): 0
	Average stack size (kbytes): 0
	Average total size (kbytes): 0
	Maximum resident set size (kbytes): 11013856
	Average resident set size (kbytes): 0
	Major (requiring I/O) page faults: 0
	Minor (reclaiming a frame) page faults: 2755772
	Voluntary context switches: 14
	Involuntary context switches: 7255773
	Swaps: 0
	File system inputs: 0
	File system outputs: 16
	Socket messages sent: 0
	Socket messages received: 0
	Signals delivered: 0
	Page size (bytes): 4096
	Exit status: 0
